2021-03-18 22:28:24 -  - exec CUpdateClientPartner::SearchModulesEx
2021-03-18 22:28:24 -  - exec CUpdateClientPartner::__CollectRequestData
2021-03-18 22:28:24 -  - utf=Y&lang=ru&stable=Y&CANGZIP=Y&SUPD_DBS=MYSQL&XE=N&CLIENT_SITE=bitrix-basic&LICENSE_KEY=X&SUPD_STS=1&SUPD_URS=0&SUPD_URSA=1&TYPENC=D&CLIENT_PHPVER=7.4.5&NGINX=Y&dbv=10.3.22&instm=main%2C20.200.300%2CY%3Bb24connector%2C20.5.0%2CN%3Bbitrix.sitecorporate%2C15.5.0%2CN%3Bbitrixcloud%2C20.5.0%2CN%3Bclouds%2C20.100.0%2CN%3Bfileman%2C20.5.0%2CN%3Bhighloadblock%2C20.100.0%2CN%3Biblock%2C20.0.1150%2CN%3Blanding%2C20.4.850%2CN%3Bmessageservice%2C20.100.0%2CN%3Bperfmon%2C20.100.0%2CN%3Brest%2C20.50.150%2CN%3Bsearch%2C20.5.0%2CN%3Bseo%2C20.0.400%2CN%3Bsocialservices%2C20.0.500%2CN%3Btranslate%2C20.100.0%2CN%3Bui%2C20.5.887%2CN&search_module_id=&search_module=&search_category=7%2C14&search_type=&search_order=DESC&search_order_by=SORT&search_page=1&SUPD_SRS=RU&SUPD_CMP=N
2021-03-18 22:28:24 -  - exec CUpdateClientPartner::GetHTTPPage
2021-03-18 22:28:25 -  - TIME SearchModulesEx(request) 0.694 sec
2021-03-18 22:28:25 -  - exec CUpdateClientPartner::ParseServerData
2021-03-18 22:28:25 - GUL02 - [LICENSE_NOT_FOUND] Лицензия не найдена
2021-03-18 22:28:53 -  - exec CUpdateClientPartner::SearchModulesEx
2021-03-18 22:28:53 -  - exec CUpdateClientPartner::__CollectRequestData
2021-03-18 22:28:53 -  - utf=Y&lang=ru&stable=Y&CANGZIP=Y&SUPD_DBS=MYSQL&XE=N&CLIENT_SITE=bitrix-basic&LICENSE_KEY=X&SUPD_STS=1&SUPD_URS=0&SUPD_URSA=1&TYPENC=D&CLIENT_PHPVER=7.4.5&NGINX=Y&dbv=10.3.22&instm=main%2C20.200.300%2CY%3Bb24connector%2C20.5.0%2CN%3Bbitrix.sitecorporate%2C15.5.0%2CN%3Bbitrixcloud%2C20.5.0%2CN%3Bclouds%2C20.100.0%2CN%3Bfileman%2C20.5.0%2CN%3Bhighloadblock%2C20.100.0%2CN%3Biblock%2C20.0.1150%2CN%3Blanding%2C20.4.850%2CN%3Bmessageservice%2C20.100.0%2CN%3Bperfmon%2C20.100.0%2CN%3Brest%2C20.50.150%2CN%3Bsearch%2C20.5.0%2CN%3Bseo%2C20.0.400%2CN%3Bsocialservices%2C20.0.500%2CN%3Btranslate%2C20.100.0%2CN%3Bui%2C20.5.887%2CN&search_module_id=&search_module=&search_category=7%2C14&search_type=&search_order=DESC&search_order_by=SORT&search_page=1&SUPD_SRS=RU&SUPD_CMP=N
2021-03-18 22:28:53 -  - exec CUpdateClientPartner::GetHTTPPage
2021-03-18 22:28:53 -  - TIME SearchModulesEx(request) 0.267 sec
2021-03-18 22:28:53 -  - exec CUpdateClientPartner::ParseServerData
2021-03-18 22:28:53 - GUL02 - [LICENSE_NOT_FOUND] Лицензия не найдена
2021-03-18 22:29:39 -  - exec CUpdateClientPartner::SearchModulesEx
2021-03-18 22:29:39 -  - exec CUpdateClientPartner::__CollectRequestData
2021-03-18 22:29:41 -  - utf=Y&lang=ru&stable=Y&CANGZIP=Y&SUPD_DBS=MYSQL&XE=N&CLIENT_SITE=bitrix-basic&LICENSE_KEY=X&SUPD_STS=1&SUPD_URS=0&SUPD_URSA=1&TYPENC=D&CLIENT_PHPVER=7.4.5&NGINX=Y&dbv=10.3.22&instm=main%2C20.200.300%2CY%3Bb24connector%2C20.5.0%2CN%3Bbitrix.sitecorporate%2C15.5.0%2CN%3Bbitrixcloud%2C20.5.0%2CN%3Bclouds%2C20.100.0%2CN%3Bfileman%2C20.5.0%2CN%3Bhighloadblock%2C20.100.0%2CN%3Biblock%2C20.0.1150%2CN%3Blanding%2C20.4.850%2CN%3Bmessageservice%2C20.100.0%2CN%3Bperfmon%2C20.100.0%2CN%3Brest%2C20.50.150%2CN%3Bsearch%2C20.5.0%2CN%3Bseo%2C20.0.400%2CN%3Bsocialservices%2C20.0.500%2CN%3Btranslate%2C20.100.0%2CN%3Bui%2C20.5.887%2CN&search_module_id=&search_module=&search_category=7%2C14&search_type=&search_order=DESC&search_order_by=SORT&search_page=1&SUPD_SRS=RU&SUPD_CMP=N
2021-03-18 22:29:41 -  - exec CUpdateClientPartner::GetHTTPPage
2021-03-18 22:29:41 -  - TIME SearchModulesEx(request) 0.357 sec
2021-03-18 22:29:41 -  - exec CUpdateClientPartner::ParseServerData
2021-03-18 22:29:41 - GUL02 - [LICENSE_NOT_FOUND] Лицензия не найдена
2021-03-18 22:30:21 -  - exec CUpdateClientPartner::SearchModulesEx
2021-03-18 22:30:21 -  - exec CUpdateClientPartner::__CollectRequestData
2021-03-18 22:30:21 -  - utf=Y&lang=ru&stable=Y&CANGZIP=Y&SUPD_DBS=MYSQL&XE=N&CLIENT_SITE=bitrix-basic&LICENSE_KEY=X&SUPD_STS=1&SUPD_URS=0&SUPD_URSA=1&TYPENC=D&CLIENT_PHPVER=7.4.5&NGINX=Y&dbv=10.3.22&instm=main%2C20.200.300%2CY%3Bb24connector%2C20.5.0%2CN%3Bbitrix.sitecorporate%2C15.5.0%2CN%3Bbitrixcloud%2C20.5.0%2CN%3Bclouds%2C20.100.0%2CN%3Bfileman%2C20.5.0%2CN%3Bhighloadblock%2C20.100.0%2CN%3Biblock%2C20.0.1150%2CN%3Blanding%2C20.4.850%2CN%3Bmessageservice%2C20.100.0%2CN%3Bperfmon%2C20.100.0%2CN%3Brest%2C20.50.150%2CN%3Bsearch%2C20.5.0%2CN%3Bseo%2C20.0.400%2CN%3Bsocialservices%2C20.0.500%2CN%3Btranslate%2C20.100.0%2CN%3Bui%2C20.5.887%2CN&search_module_id=&search_module=&search_category=7%2C14&search_type=&search_order=DESC&search_order_by=SORT&search_page=1&SUPD_SRS=RU&SUPD_CMP=N
2021-03-18 22:30:21 -  - exec CUpdateClientPartner::GetHTTPPage
2021-03-18 22:30:21 -  - TIME SearchModulesEx(request) 0.397 sec
2021-03-18 22:30:21 -  - exec CUpdateClientPartner::ParseServerData
2021-03-18 22:30:21 - GUL02 - [LICENSE_NOT_FOUND] Лицензия не найдена
2021-03-18 22:30:54 -  - exec CUpdateClientPartner::SearchModulesEx
2021-03-18 22:30:54 -  - exec CUpdateClientPartner::__CollectRequestData
2021-03-18 22:30:54 -  - utf=Y&lang=ru&stable=Y&CANGZIP=Y&SUPD_DBS=MYSQL&XE=N&CLIENT_SITE=bitrix-basic&LICENSE_KEY=X&SUPD_STS=1&SUPD_URS=0&SUPD_URSA=1&TYPENC=D&CLIENT_PHPVER=7.4.5&NGINX=Y&dbv=10.3.22&instm=main%2C20.200.300%2CY%3Bb24connector%2C20.5.0%2CN%3Bbitrix.sitecorporate%2C15.5.0%2CN%3Bbitrixcloud%2C20.5.0%2CN%3Bclouds%2C20.100.0%2CN%3Bfileman%2C20.5.0%2CN%3Bhighloadblock%2C20.100.0%2CN%3Biblock%2C20.0.1150%2CN%3Blanding%2C20.4.850%2CN%3Bmessageservice%2C20.100.0%2CN%3Bperfmon%2C20.100.0%2CN%3Brest%2C20.50.150%2CN%3Bsearch%2C20.5.0%2CN%3Bseo%2C20.0.400%2CN%3Bsocialservices%2C20.0.500%2CN%3Btranslate%2C20.100.0%2CN%3Bui%2C20.5.887%2CN&search_module_id=&search_module=&search_category=7%2C14&search_type=&search_order=DESC&search_order_by=SORT&search_page=1&SUPD_SRS=RU&SUPD_CMP=N
2021-03-18 22:30:54 -  - exec CUpdateClientPartner::GetHTTPPage
2021-03-18 22:30:55 -  - TIME SearchModulesEx(request) 0.332 sec
2021-03-18 22:30:55 -  - exec CUpdateClientPartner::ParseServerData
2021-03-18 22:30:55 - GUL02 - [LICENSE_NOT_FOUND] Лицензия не найдена
2021-03-18 22:37:13 -  - exec CUpdateClientPartner::SearchModulesEx
2021-03-18 22:37:13 -  - exec CUpdateClientPartner::__CollectRequestData
2021-03-18 22:37:13 -  - utf=Y&lang=ru&stable=Y&CANGZIP=Y&SUPD_DBS=MYSQL&XE=N&CLIENT_SITE=bitrix-basic&LICENSE_KEY=X&SUPD_STS=1&SUPD_URS=0&SUPD_URSA=1&TYPENC=D&CLIENT_PHPVER=7.4.5&NGINX=Y&dbv=10.3.22&instm=main%2C20.200.300%2CY%3Bb24connector%2C20.5.0%2CN%3Bbitrix.sitecorporate%2C15.5.0%2CN%3Bbitrixcloud%2C20.5.0%2CN%3Bclouds%2C20.100.0%2CN%3Bfileman%2C20.5.0%2CN%3Bhighloadblock%2C20.100.0%2CN%3Biblock%2C20.0.1150%2CN%3Blanding%2C20.4.850%2CN%3Bmessageservice%2C20.100.0%2CN%3Bperfmon%2C20.100.0%2CN%3Brest%2C20.50.150%2CN%3Bsearch%2C20.5.0%2CN%3Bseo%2C20.0.400%2CN%3Bsocialservices%2C20.0.500%2CN%3Btranslate%2C20.100.0%2CN%3Bui%2C20.5.887%2CN&search_module_id=&search_module=&search_category=7%2C14&search_type=&search_order=DESC&search_order_by=SORT&search_page=1&SUPD_SRS=RU&SUPD_CMP=N
2021-03-18 22:37:13 -  - exec CUpdateClientPartner::GetHTTPPage
2021-03-18 22:37:15 -  - TIME SearchModulesEx(request) 1.309 sec
2021-03-18 22:37:15 -  - exec CUpdateClientPartner::ParseServerData
2021-03-18 22:37:40 -  - exec CUpdateClientPartner::LoadModulesUpdates
2021-03-18 22:37:40 -  - exec CUpdateClientPartner::__CollectRequestData
2021-03-18 22:37:40 -  - utf=Y&lang=ru&stable=Y&CANGZIP=Y&SUPD_DBS=MYSQL&XE=N&CLIENT_SITE=bitrix-basic&LICENSE_KEY=X&SUPD_STS=1&SUPD_URS=0&SUPD_URSA=1&TYPENC=D&CLIENT_PHPVER=7.4.5&NGINX=Y&dbv=10.3.22&instm=main%2C20.200.300%2CY%3Bb24connector%2C20.5.0%2CN%3Bbitrix.sitecorporate%2C15.5.0%2CN%3Bbitrixcloud%2C20.5.0%2CN%3Bclouds%2C20.100.0%2CN%3Bfileman%2C20.5.0%2CN%3Bhighloadblock%2C20.100.0%2CN%3Biblock%2C20.0.1150%2CN%3Blanding%2C20.4.850%2CN%3Bmessageservice%2C20.100.0%2CN%3Bperfmon%2C20.100.0%2CN%3Brest%2C20.50.150%2CN%3Bsearch%2C20.5.0%2CN%3Bseo%2C20.0.400%2CN%3Bsocialservices%2C20.0.500%2CN%3Btranslate%2C20.100.0%2CN%3Bui%2C20.5.887%2CN&reqm=nsandrey.emptyinstall&lim=Y&SUPD_SRS=RU&SUPD_CMP=N
2021-03-18 22:37:40 -  - exec CUpdateClientPartner::GetHTTPPage
2021-03-18 22:37:40 -  - TIME LoadModulesUpdates(request) 0.323 sec
2021-03-18 22:37:40 -  - exec CUpdateClientPartner::ParseServerData
2021-03-18 22:37:40 - S - STEP
2021-03-18 22:37:40 - LM4W01 - loadModule4Wizard-Step
2021-03-18 22:37:41 -  - exec CUpdateClientPartner::LoadModulesUpdates
2021-03-18 22:37:41 -  - exec CUpdateClientPartner::ParseServerData
2021-03-18 22:37:41 -  - loadFile
2021-03-18 22:37:41 - U - RETURN
2021-03-18 22:37:41 -  - exec CUpdateClientPartner::UnGzipArchive
2021-03-18 22:37:41 -  - TIME UnGzipArchive 0.052 sec
2021-03-18 22:37:41 -  - TIME UpdateStepModules 0.106 sec
2021-03-18 22:37:41 -  - exec CUpdateClientPartner::LoadModulesUpdates
2021-03-18 22:37:41 -  - exec CUpdateClientPartner::__CollectRequestData
2021-03-18 22:37:41 -  - utf=Y&lang=ru&stable=Y&CANGZIP=Y&SUPD_DBS=MYSQL&XE=N&CLIENT_SITE=bitrix-basic&LICENSE_KEY=X&SUPD_STS=1&SUPD_URS=0&SUPD_URSA=1&TYPENC=D&CLIENT_PHPVER=7.4.5&NGINX=Y&dbv=10.3.22&instm=main%2C20.200.300%2CY%3Bb24connector%2C20.5.0%2CN%3Bbitrix.sitecorporate%2C15.5.0%2CN%3Bbitrixcloud%2C20.5.0%2CN%3Bclouds%2C20.100.0%2CN%3Bfileman%2C20.5.0%2CN%3Bhighloadblock%2C20.100.0%2CN%3Biblock%2C20.0.1150%2CN%3Blanding%2C20.4.850%2CN%3Bmessageservice%2C20.100.0%2CN%3Bnsandrey.emptyinstall%2C1.0.5%2CN%3Bperfmon%2C20.100.0%2CN%3Brest%2C20.50.150%2CN%3Bsearch%2C20.5.0%2CN%3Bseo%2C20.0.400%2CN%3Bsocialservices%2C20.0.500%2CN%3Btranslate%2C20.100.0%2CN%3Bui%2C20.5.887%2CN&reqm=nsandrey.emptyinstall&lim=Y&SUPD_SRS=RU&SUPD_CMP=N
2021-03-18 22:37:41 -  - exec CUpdateClientPartner::GetHTTPPage
2021-03-18 22:37:42 -  - TIME LoadModulesUpdates(request) 0.29 sec
2021-03-18 22:37:42 -  - exec CUpdateClientPartner::ParseServerData
2021-03-18 22:37:42 - STEP - Finish - NOUPDATES
2021-03-18 22:37:42 - LM4W03 - Finish - NOUPDATES
2021-03-18 22:38:02 -  - exec CUpdateClientPartner::__CollectRequestData
2021-03-18 22:38:02 -  - exec CUpdateClientPartner::GetHTTPPage
2021-03-18 22:38:02 -  - exec CUpdateClientPartner::ParseServerData
2021-03-18 22:38:02 -  - exec CUpdateClientPartner::GetUpdatesList
2021-03-18 22:38:02 -  - exec CUpdateClientPartner::__CollectRequestData
2021-03-18 22:38:02 -  - utf=Y&lang=ru&stable=Y&CANGZIP=Y&SUPD_DBS=MYSQL&XE=N&CLIENT_SITE=bitrix-basic&LICENSE_KEY=X&SUPD_STS=1&SUPD_URS=0&SUPD_URSA=1&TYPENC=D&CLIENT_PHPVER=7.4.5&NGINX=Y&dbv=10.3.22&instm=main%2C20.200.300%2CY%3Bb24connector%2C20.5.0%2CN%3Bbitrix.sitecorporate%2C15.5.0%2CN%3Bbitrixcloud%2C20.5.0%2CN%3Bclouds%2C20.100.0%2CN%3Bfileman%2C20.5.0%2CN%3Bhighloadblock%2C20.100.0%2CN%3Biblock%2C20.0.1150%2CN%3Blanding%2C20.4.850%2CN%3Bmessageservice%2C20.100.0%2CN%3Bnsandrey.emptyinstall%2C1.0.5%2CN%3Bperfmon%2C20.100.0%2CN%3Brest%2C20.50.150%2CN%3Bsearch%2C20.5.0%2CN%3Bseo%2C20.0.400%2CN%3Bsocialservices%2C20.0.500%2CN%3Btranslate%2C20.100.0%2CN%3Bui%2C20.5.887%2CN&reqm=bitrix.sitecorporate%2Cnsandrey.emptyinstall&fullmoduleinfo=Y&SUPD_SRS=RU&SUPD_CMP=N
2021-03-18 22:38:02 -  - exec CUpdateClientPartner::GetHTTPPage
2021-03-18 22:38:02 -  - TIME GetUpdatesList(request) 0.27 sec
2021-03-18 22:38:02 -  - exec CUpdateClientPartner::ParseServerData
2021-03-18 22:38:02 -  - exec CUpdateClientPartner::__CollectRequestData
2021-03-18 22:38:02 -  - exec CUpdateClientPartner::GetHTTPPage
2021-03-18 22:38:03 -  - exec CUpdateClientPartner::ParseServerData
